<?xml version="1.0" encoding="utf-8"?><testsuites name="pytest tests"><testsuite name="pytest" errors="0" failures="0" skipped="0" tests="3" time="0.102" timestamp="2026-04-25T16:34:49.111970+02:00" hostname="Zer0pa.local"><testcase classname="tests.test_mental_native_optional" name="test_mental_native_backend_reports_rust" time="0.001" /><testcase classname="tests.test_mental_native_optional" name="test_mental_native_matches_python_reference_words_and_decode" time="0.001" /><testcase classname="tests.test_mental_reference" name="test_python_reference_round_trip_matches_public_api" time="0.001" /></testsuite></testsuites>